生成启动时间为 2014/9/25 22:45:31。
     1>项目“E:\gitHubSpace\cocos2dLearning\L02UsingSprite\cocos2d\cocos\2d\cocos2d.vcxproj”在节点 2 上(Build 个目标)。
     1>PreLinkEvent:
         if not exist "E:\gitHubSpace\cocos2dLearning\L02UsingSprite\proj.win32\Debug.win32\" mkdir "E:\gitHubSpace\cocos2dLearning\L02UsingSprite\proj.win32\Debug.win32\"
         xcopy /Y /Q "E:\gitHubSpace\cocos2dLearning\L02UsingSprite\cocos2d\cocos\2d\..\..\external\freetype2\prebuilt\win32\*.*" "E:\gitHubSpace\cocos2dLearning\L02UsingSprite\proj.win32\Debug.win32\"
         xcopy /Y /Q "E:\gitHubSpace\cocos2dLearning\L02UsingSprite\cocos2d\cocos\2d\..\..\external\glfw3\prebuilt\win32\*.*" "E:\gitHubSpace\cocos2dLearning\L02UsingSprite\proj.win32\Debug.win32\"
         xcopy /Y /Q "E:\gitHubSpace\cocos2dLearning\L02UsingSprite\cocos2d\cocos\2d\..\..\external\curl\prebuilt\win32\*.*" "E:\gitHubSpace\cocos2dLearning\L02UsingSprite\proj.win32\Debug.win32\"
         xcopy /Y /Q "E:\gitHubSpace\cocos2dLearning\L02UsingSprite\cocos2d\cocos\2d\..\..\external\jpeg\prebuilt\win32\*.*" "E:\gitHubSpace\cocos2dLearning\L02UsingSprite\proj.win32\Debug.win32\"
         xcopy /Y /Q "E:\gitHubSpace\cocos2dLearning\L02UsingSprite\cocos2d\cocos\2d\..\..\external\png\prebuilt\win32\*.*" "E:\gitHubSpace\cocos2dLearning\L02UsingSprite\proj.win32\Debug.win32\"
         xcopy /Y /Q "E:\gitHubSpace\cocos2dLearning\L02UsingSprite\cocos2d\cocos\2d\..\..\external\tiff\prebuilt\win32\*.*" "E:\gitHubSpace\cocos2dLearning\L02UsingSprite\proj.win32\Debug.win32\"
         xcopy /Y /Q "E:\gitHubSpace\cocos2dLearning\L02UsingSprite\cocos2d\cocos\2d\..\..\external\webp\prebuilt\win32\*.*" "E:\gitHubSpace\cocos2dLearning\L02UsingSprite\proj.win32\Debug.win32\"
         xcopy /Y /Q "E:\gitHubSpace\cocos2dLearning\L02UsingSprite\cocos2d\cocos\2d\..\..\external\win32-specific\zlib\prebuilt\*.*" "E:\gitHubSpace\cocos2dLearning\L02UsingSprite\proj.win32\Debug.win32\"
         xcopy /Y /Q "E:\gitHubSpace\cocos2dLearning\L02UsingSprite\cocos2d\cocos\2d\..\..\external\win32-specific\icon\prebuilt\*.*" "E:\gitHubSpace\cocos2dLearning\L02UsingSprite\proj.win32\Debug.win32\"
         xcopy /Y /Q "E:\gitHubSpace\cocos2dLearning\L02UsingSprite\cocos2d\cocos\2d\..\..\external\win32-specific\gles\prebuilt\*.*" "E:\gitHubSpace\cocos2dLearning\L02UsingSprite\proj.win32\Debug.win32\"
         
         :VCEnd
         复制了 1 个文件
         复制了 1 个文件
         复制了 2 个文件
         复制了 1 个文件
         复制了 1 个文件
         复制了 2 个文件
         复制了 1 个文件
         复制了 2 个文件
         复制了 2 个文件
         复制了 2 个文件
       Lib:
         cocos2d.vcxproj -> E:\gitHubSpace\cocos2dLearning\L02UsingSprite\proj.win32\Debug.win32\libcocos2d.lib
     1>已完成生成项目“E:\gitHubSpace\cocos2dLearning\L02UsingSprite\cocos2d\cocos\2d\cocos2d.vcxproj”(Build 个目标)的操作。

生成成功。

已用时间 00:00:13.71
